<?xml version="1.0" encoding="UTF-8"?>
<!-- Generated by org.testng.reporters.JUnitReportReporter -->
<testsuite hostname="Pro-AravindRaj" failures="0" tests="2" name="org.automate.testcases.LoginTC001" time="11.973" errors="0" timestamp="2023-08-30T12:38:04 IST" skipped="0">
  <testcase classname="org.automate.testcases.LoginTC001" name="loginTC001" time="4.572"/>
  <testcase classname="org.automate.testcases.LoginTC001" name="bookhotelTC004" time="7.401"/>
</testsuite> <!-- org.automate.testcases.LoginTC001 -->
